<?xml version="1.0" encoding="UTF-8"?>
<!-- Generated by org.testng.reporters.JUnitReportReporter -->
<testsuite hostname="DESKTOP-98M0NSI" failures="0" tests="1" name="com.tests.TendableTest" time="36.968" errors="0" timestamp="2024-03-16T12:37:15 PDT" skipped="0">
  <testcase classname="com.tests.TendableTest" name="TCID_01_verifyTestMenuAccessibility" time="36.968"/>
</testsuite> <!-- com.tests.TendableTest -->
